<?xml version="1.0" encoding="UTF-8"?>
<!-- Generated by org.testng.reporters.JUnitXMLReporter -->
<testsuite hostname="NEWNODE47" name="Test" tests="3" failures="1" timestamp="24 May 2018 12:13:00 GMT" time="0.031" errors="0">
  <testcase name="test1" time="0.006" classname="pkg1.Sample">
    <failure type="java.lang.ArithmeticException" message="/ by zero">
      <![CDATA[java.lang.ArithmeticException: / by zero
	at pkg1.Sample.test1(Sample.java:25)
... Removed 24 stack frames]]>
    </failure>
  </testcase> <!-- test1 -->
  <testcase name="test2" time="0.001" classname="pkg1.Sample"/>
  <testcase name="test3" time="0.001" classname="pkg1.Sample"/>
</testsuite> <!-- Test -->
