<?xml version="1.0" encoding="UTF-8"?>
<testng-results skipped="0" failed="0" total="3" passed="3">
  <reporter-output>
  </reporter-output>
  <suite name="Default suite" duration-ms="31" started-at="2018-05-24T13:16:24Z" finished-at="2018-05-24T13:16:24Z">
    <groups>
    </groups>
    <test name="Default test" duration-ms="31" started-at="2018-05-24T13:16:24Z" finished-at="2018-05-24T13:16:24Z">
      <class name="pkg1.Sample">
        <test-method status="PASS" signature="class_1()[pri:0, instance:pkg1.Sample@3f4d3d]" name="class_1" is-config="true" duration-ms="6" started-at="2018-05-24T18:46:24Z" finished-at="2018-05-24T18:46:24Z">
          <reporter-output>
          </reporter-output>
        </test-method> <!-- class_1 -->
        <test-method status="PASS" signature="test1()[pri:0, instance:pkg1.Sample@3f4d3d]" name="test1" duration-ms="3" started-at="2018-05-24T18:46:24Z" finished-at="2018-05-24T18:46:24Z">
          <reporter-output>
          </reporter-output>
        </test-method> <!-- test1 -->
        <test-method status="PASS" signature="method_1()[pri:0, instance:pkg1.Sample@3f4d3d]" name="method_1" is-config="true" duration-ms="0" started-at="2018-05-24T18:46:24Z" finished-at="2018-05-24T18:46:24Z">
          <reporter-output>
          </reporter-output>
        </test-method> <!-- method_1 -->
        <test-method status="PASS" signature="method_2()[pri:0, instance:pkg1.Sample@3f4d3d]" name="method_2" is-config="true" duration-ms="0" started-at="2018-05-24T18:46:24Z" finished-at="2018-05-24T18:46:24Z">
          <reporter-output>
          </reporter-output>
        </test-method> <!-- method_2 -->
        <test-method status="PASS" signature="test3()[pri:0, instance:pkg1.Sample@3f4d3d]" name="test3" duration-ms="1" started-at="2018-05-24T18:46:24Z" finished-at="2018-05-24T18:46:24Z">
          <reporter-output>
          </reporter-output>
        </test-method> <!-- test3 -->
        <test-method status="PASS" signature="method_1()[pri:0, instance:pkg1.Sample@3f4d3d]" name="method_1" is-config="true" duration-ms="0" started-at="2018-05-24T18:46:24Z" finished-at="2018-05-24T18:46:24Z">
          <reporter-output>
          </reporter-output>
        </test-method> <!-- method_1 -->
        <test-method status="PASS" signature="method_2()[pri:0, instance:pkg1.Sample@3f4d3d]" name="method_2" is-config="true" duration-ms="0" started-at="2018-05-24T18:46:24Z" finished-at="2018-05-24T18:46:24Z">
          <reporter-output>
          </reporter-output>
        </test-method> <!-- method_2 -->
        <test-method status="PASS" signature="test2()[pri:0, instance:pkg1.Sample@3f4d3d]" name="test2" duration-ms="2" started-at="2018-05-24T18:46:24Z" depends-on-methods="pkg1.Sample.test1" finished-at="2018-05-24T18:46:24Z">
          <reporter-output>
          </reporter-output>
        </test-method> <!-- test2 -->
        <test-method status="PASS" signature="method_1()[pri:0, instance:pkg1.Sample@3f4d3d]" name="method_1" is-config="true" duration-ms="0" started-at="2018-05-24T18:46:24Z" finished-at="2018-05-24T18:46:24Z">
          <reporter-output>
          </reporter-output>
        </test-method> <!-- method_1 -->
        <test-method status="PASS" signature="method_2()[pri:0, instance:pkg1.Sample@3f4d3d]" name="method_2" is-config="true" duration-ms="0" started-at="2018-05-24T18:46:24Z" finished-at="2018-05-24T18:46:24Z">
          <reporter-output>
          </reporter-output>
        </test-method> <!-- method_2 -->
      </class> <!-- pkg1.Sample -->
    </test> <!-- Default test -->
  </suite> <!-- Default suite -->
</testng-results>
